<?xml version="1.0" encoding="UTF-8"?>
<!-- Generated by org.testng.reporters.JUnitReportReporter -->
<testsuite skipped="0" hostname="LAPTOP-P7ODROTG" name="com.uiautomation.testcases.LoginPageTests" tests="1" failures="0" timestamp="2020-04-25T12:51:30 BST" time="11.656" errors="0">
  <testcase name="logintoApp" time="11.656" classname="com.uiautomation.testcases.LoginPageTests"/>
  <system-out/>
</testsuite> <!-- com.uiautomation.testcases.LoginPageTests -->
